# JRE version: Java(TM) SE Runtime Environment (8.0_221-b11) (build 1.8.0_221-b11)
# Java VM: Java HotSpot(TM) 64-Bit Server VM (25.221-b11 mixed mode linux-amd64 compressed oops)
Heap:
 PSYoungGen      total 167424K, used 5203K [0x00000000ebf80000, 0x00000000f7d80000, 0x0000000100000000)
  eden space 156160K, 0% used [0x00000000ebf80000,0x00000000ebf80000,0x00000000f5800000)
  from space 11264K, 46% used [0x00000000f5800000,0x00000000f5d14e20,0x00000000f6300000)
  to   space 8704K, 0% used [0x00000000f6300000,0x00000000f6300000,0x00000000f6b80000)
 ParOldGen       total 29696K, used 21344K [0x00000000c3e00000, 0x00000000c5b00000, 0x00000000ebf80000)
  object space 29696K, 71% used [0x00000000c3e00000,0x00000000c52d8308,0x00000000c5b00000)
 Metaspace       used 33617K, capacity 35332K, committed 35456K, reserved 1079296K
  class space    used 4495K, capacity 4871K, committed 4992K, reserved 1048576K
GC Heap History (10 events):
Event: 15.663 GC heap after
Heap after GC invocations=7 (full 0):
 PSYoungGen      total 69120K, used 5330K [0x00000000ebf80000, 0x00000000f4780000, 0x0000000100000000)
  eden space 62464K, 0% used [0x00000000ebf80000,0x00000000ebf80000,0x00000000efc80000)
  from space 6656K, 80% used [0x00000000efc80000,0x00000000f01b4b20,0x00000000f0300000)
  to   space 7168K, 0% used [0x00000000f4080000,0x00000000f4080000,0x00000000f4780000)
 ParOldGen       total 42496K, used 6996K [0x00000000c3e00000, 0x00000000c6780000, 0x00000000ebf80000)
  object space 42496K, 16% used [0x00000000c3e00000,0x00000000c44d52a8,0x00000000c6780000)
 Metaspace       used 20731K, capacity 21250K, committed 21296K, reserved 1067008K
  class space    used 2749K, capacity 2913K, committed 2944K, reserved 1048576K
}
Event: 15.663 GC heap before
{Heap before GC invocations=8 (full 1):
 PSYoungGen      total 69120K, used 5330K [0x00000000ebf80000, 0x00000000f4780000, 0x0000000100000000)
  eden space 62464K, 0% used [0x00000000ebf80000,0x00000000ebf80000,0x00000000efc80000)
  from space 6656K, 80% used [0x00000000efc80000,0x00000000f01b4b20,0x00000000f0300000)
  to   space 7168K, 0% used [0x00000000f4080000,0x00000000f4080000,0x00000000f4780000)
 ParOldGen       total 42496K, used 6996K [0x00000000c3e00000, 0x00000000c6780000, 0x00000000ebf80000)
  object space 42496K, 16% used [0x00000000c3e00000,0x00000000c44d52a8,0x00000000c6780000)
 Metaspace       used 20731K, capacity 21250K, committed 21296K, reserved 1067008K
  class space    used 2749K, capacity 2913K, committed 2944K, reserved 1048576K
Event: 15.815 GC heap after
Heap after GC invocations=8 (full 1):
 PSYoungGen      total 69120K, used 0K [0x00000000ebf80000, 0x00000000f4780000, 0x0000000100000000)
  eden space 62464K, 0% used [0x00000000ebf80000,0x00000000ebf80000,0x00000000efc80000)
  from space 6656K, 0% used [0x00000000efc80000,0x00000000efc80000,0x00000000f0300000)
  to   space 7168K, 0% used [0x00000000f4080000,0x00000000f4080000,0x00000000f4780000)
 ParOldGen       total 29696K, used 7892K [0x00000000c3e00000, 0x00000000c5b00000, 0x00000000ebf80000)
  object space 29696K, 26% used [0x00000000c3e00000,0x00000000c45b51c0,0x00000000c5b00000)
 Metaspace       used 20731K, capacity 21250K, committed 21296K, reserved 1067008K
  class space    used 2749K, capacity 2913K, committed 2944K, reserved 1048576K
}
Event: 21.171 GC heap before
{Heap before GC invocations=9 (full 1):
 PSYoungGen      total 69120K, used 62464K [0x00000000ebf80000, 0x00000000f4780000, 0x0000000100000000)
  eden space 62464K, 100% used [0x00000000ebf80000,0x00000000efc80000,0x00000000efc80000)
  from space 6656K, 0% used [0x00000000efc80000,0x00000000efc80000,0x00000000f0300000)
  to   space 7168K, 0% used [0x00000000f4080000,0x00000000f4080000,0x00000000f4780000)
 ParOldGen       total 29696K, used 7892K [0x00000000c3e00000, 0x00000000c5b00000, 0x00000000ebf80000)
  object space 29696K, 26% used [0x00000000c3e00000,0x00000000c45b51c0,0x00000000c5b00000)
 Metaspace       used 22327K, capacity 23008K, committed 23168K, reserved 1069056K
  class space    used 2955K, capacity 3148K, committed 3200K, reserved 1048576K
Event: 21.176 GC heap after
Heap after GC invocations=9 (full 1):
 PSYoungGen      total 113664K, used 2934K [0x00000000ebf80000, 0x00000000f4380000, 0x0000000100000000)
  eden space 110592K, 0% used [0x00000000ebf80000,0x00000000ebf80000,0x00000000f2b80000)
  from space 3072K, 95% used [0x00000000f4080000,0x00000000f435d860,0x00000000f4380000)
  to   space 6656K, 0% used [0x00000000f3680000,0x00000000f3680000,0x00000000f3d00000)
 ParOldGen       total 29696K, used 7964K [0x00000000c3e00000, 0x00000000c5b00000, 0x00000000ebf80000)
  object space 29696K, 26% used [0x00000000c3e00000,0x00000000c45c71d0,0x00000000c5b00000)
 Metaspace       used 22327K, capacity 23008K, committed 23168K, reserved 1069056K
  class space    used 2955K, capacity 3148K, committed 3200K, reserved 1048576K
}
Event: 24.217 GC heap before
{Heap before GC invocations=10 (full 1):
 PSYoungGen      total 113664K, used 113526K [0x00000000ebf80000, 0x00000000f4380000, 0x0000000100000000)
  eden space 110592K, 100% used [0x00000000ebf80000,0x00000000f2b80000,0x00000000f2b80000)
  from space 3072K, 95% used [0x00000000f4080000,0x00000000f435d860,0x00000000f4380000)
  to   space 6656K, 0% used [0x00000000f3680000,0x00000000f3680000,0x00000000f3d00000)
 ParOldGen       total 29696K, used 7964K [0x00000000c3e00000, 0x00000000c5b00000, 0x00000000ebf80000)
  object space 29696K, 26% used [0x00000000c3e00000,0x00000000c45c71d0,0x00000000c5b00000)
 Metaspace       used 26326K, capacity 27384K, committed 27776K, reserved 1073152K
  class space    used 3574K, capacity 3855K, committed 3968K, reserved 1048576K
Event: 24.229 GC heap after
Heap after GC invocations=10 (full 1):
 PSYoungGen      total 128512K, used 6633K [0x00000000ebf80000, 0x00000000f6b80000, 0x0000000100000000)
  eden space 121856K, 0% used [0x00000000ebf80000,0x00000000ebf80000,0x00000000f3680000)
  from space 6656K, 99% used [0x00000000f3680000,0x00000000f3cfa720,0x00000000f3d00000)
  to   space 8704K, 0% used [0x00000000f6300000,0x00000000f6300000,0x00000000f6b80000)
 ParOldGen       total 29696K, used 11045K [0x00000000c3e00000, 0x00000000c5b00000, 0x00000000ebf80000)
  object space 29696K, 37% used [0x00000000c3e00000,0x00000000c48c95a8,0x00000000c5b00000)
 Metaspace       used 26326K, capacity 27384K, committed 27776K, reserved 1073152K
  class space    used 3574K, capacity 3855K, committed 3968K, reserved 1048576K
}
Event: 26.629 GC heap before
{Heap before GC invocations=11 (full 1):
 PSYoungGen      total 128512K, used 128482K [0x00000000ebf80000, 0x00000000f6b80000, 0x0000000100000000)
  eden space 121856K, 99% used [0x00000000ebf80000,0x00000000f367e3f0,0x00000000f3680000)
  from space 6656K, 99% used [0x00000000f3680000,0x00000000f3cfa720,0x00000000f3d00000)
  to   space 8704K, 0% used [0x00000000f6300000,0x00000000f6300000,0x00000000f6b80000)
 ParOldGen       total 29696K, used 11045K [0x00000000c3e00000, 0x00000000c5b00000, 0x00000000ebf80000)
  object space 29696K, 37% used [0x00000000c3e00000,0x00000000c48c95a8,0x00000000c5b00000)
 Metaspace       used 30269K, capacity 31932K, committed 32128K, reserved 1077248K
  class space    used 4113K, capacity 4477K, committed 4480K, reserved 1048576K
Event: 26.650 GC heap after
Heap after GC invocations=11 (full 1):
 PSYoungGen      total 164864K, used 8686K [0x00000000ebf80000, 0x00000000f7d80000, 0x0000000100000000)
  eden space 156160K, 0% used [0x00000000ebf80000,0x00000000ebf80000,0x00000000f5800000)
  from space 8704K, 99% used [0x00000000f6300000,0x00000000f6b7ba50,0x00000000f6b80000)
  to   space 11264K, 0% used [0x00000000f5800000,0x00000000f5800000,0x00000000f6300000)
 ParOldGen       total 29696K, used 14096K [0x00000000c3e00000, 0x00000000c5b00000, 0x00000000ebf80000)
  object space 29696K, 47% used [0x00000000c3e00000,0x00000000c4bc4278,0x00000000c5b00000)
 Metaspace       used 30269K, capacity 31932K, committed 32128K, reserved 1077248K
  class space    used 4113K, capacity 4477K, committed 4480K, reserved 1048576K
}
Event: 35.506 GC heap before
{Heap before GC invocations=12 (full 1):
 PSYoungGen      total 164864K, used 56995K [0x00000000ebf80000, 0x00000000f7d80000, 0x0000000100000000)
  eden space 156160K, 30% used [0x00000000ebf80000,0x00000000eeead538,0x00000000f5800000)
  from space 8704K, 99% used [0x00000000f6300000,0x00000000f6b7ba50,0x00000000f6b80000)
  to   space 11264K, 0% used [0x00000000f5800000,0x00000000f5800000,0x00000000f6300000)
 ParOldGen       total 29696K, used 14096K [0x00000000c3e00000, 0x00000000c5b00000, 0x00000000ebf80000)
  object space 29696K, 47% used [0x00000000c3e00000,0x00000000c4bc4278,0x00000000c5b00000)
 Metaspace       used 33617K, capacity 35332K, committed 35456K, reserved 1079296K
  class space    used 4495K, capacity 4871K, committed 4992K, reserved 1048576K

